  test.c
D:\Cun-Chu\GitHub\Study-C\课上跟进\Project_02_05\Project_02_05\test.c(6,5): error C2054: 在“函数的实现”之后应输入“(”
D:\Cun-Chu\GitHub\Study-C\课上跟进\Project_02_05\Project_02_05\test.c(7,1): error C2085: “Max”: 不在形参表中
D:\Cun-Chu\GitHub\Study-C\课上跟进\Project_02_05\Project_02_05\test.c(7,1): error C2143: 语法错误: 缺少“;”(在“{”的前面)
D:\Cun-Chu\GitHub\Study-C\课上跟进\Project_02_05\Project_02_05\test.c(19,13): error C2065: “MAX”: 未声明的标识符
D:\Cun-Chu\GitHub\Study-C\课上跟进\Project_02_05\Project_02_05\test.c(20,6): error C2374: “a”: 重定义；多次初始化
D:\Cun-Chu\GitHub\Study-C\课上跟进\Project_02_05\Project_02_05\test.c(19): message : 参见“a”的声明
D:\Cun-Chu\GitHub\Study-C\课上跟进\Project_02_05\Project_02_05\test.c(23,15): warning C4013: “Max”未定义；假设外部返回 int
D:\Cun-Chu\GitHub\Study-C\课上跟进\Project_02_05\Project_02_05\test.c(24,8): warning C4013: “printf”未定义；假设外部返回 int
D:\Cun-Chu\GitHub\Study-C\课上跟进\Project_02_05\Project_02_05\test.c(18): fatal error C1075: “{”: 未找到匹配令牌
